


ARM Macro Assembler    Page 1 


    1 00000000                 AREA             RESET,CODE,READONLY
    2 00000000         START
    3 00000000 E3A00052        LDR              R0,=0X00000052
    4 00000004 E3A01010        LDR              R1,=0X00000010
    5 00000008 E3A03001        MOV              R3,#0X01
    6 0000000C         
    7 0000000C         LOOP
    8 0000000C E0400001        SUB              R0,R0,R1
    9 00000010 E2833001        ADD              R3,R3,#0X01
   10 00000014 E1500001        CMP              R0,R1
   11 00000018 5AFFFFFB        BPL              LOOP
   12 0000001C E2433001        SUB              R3,R3,#0X01
   13 00000020 EAFFFFFE 
                       STOP    B                STOP
   14 00000024                 END
Command Line: --debug --xref --apcs=interwork --depend=div.d -odiv.o -IC:\Keil\
ARM\RV31\INC -IC:\Keil\ARM\CMSIS\Include -IC:\Keil\ARM\Inc\Philips --list=div.l
st div.asm



ARM Macro Assembler    Page 1 Alphabetic symbol ordering
Relocatable symbols

LOOP 0000000C

Symbol: LOOP
   Definitions
      At line 7 in file div.asm
   Uses
      At line 11 in file div.asm
Comment: LOOP used once
RESET 00000000

Symbol: RESET
   Definitions
      At line 1 in file div.asm
   Uses
      None
Comment: RESET unused
START 00000000

Symbol: START
   Definitions
      At line 2 in file div.asm
   Uses
      None
Comment: START unused
STOP 00000020

Symbol: STOP
   Definitions
      At line 13 in file div.asm
   Uses
      At line 13 in file div.asm
Comment: STOP used once
4 symbols
334 symbols in table
